<?xml version="1.0" encoding="UTF-8"?>
<!-- Generated by org.testng.reporters.JUnitReportReporter -->
<testsuite skipped="0" hostname="HBOGQUIROZKD" name="com.appclaro.automatizacion.ProyectoBase.LoginTest" tests="2" failures="0" timestamp="2020-01-24T23:09:27 COT" time="59.673" errors="0">
  <testcase name="cp001_LoginPersonas" time="56.591" classname="com.appclaro.automatizacion.ProyectoBase.LoginTest"/>
  <testcase name="cp002_CerrarSesionPersonas" time="3.082" classname="com.appclaro.automatizacion.ProyectoBase.LoginTest"/>
</testsuite> <!-- com.appclaro.automatizacion.ProyectoBase.LoginTest -->
